<?xml version="1.0" encoding="UTF-8"?>
<!-- Generated by org.testng.reporters.JUnitReportReporter -->
<testsuite hostname="QUASPC1210" failures="0" tests="8" name="Registration.Registration_Page" time="419.422" errors="0" timestamp="2022-02-09T14:13:10 IST" skipped="0">
  <testcase classname="Registration.Registration_Page" name="NATMO_Register_01" time="108.777"/>
  <system-out/>
  <testcase classname="Registration.Registration_Page" name="NATMO_Register_02" time="95.965"/>
  <system-out/>
  <testcase classname="Registration.Registration_Page" name="NATMO_Register_03" time="28.036"/>
  <system-out/>
  <testcase classname="Registration.Registration_Page" name="NATMO_Register_04" time="20.184"/>
  <system-out/>
  <testcase classname="Registration.Registration_Page" name="NATMO_Register_05" time="83.265"/>
  <system-out/>
  <testcase classname="Registration.Registration_Page" name="NATMO_Register_06" time="19.467"/>
  <system-out/>
  <testcase classname="Registration.Registration_Page" name="NATMO_Register_07" time="33.346"/>
  <system-out/>
  <testcase classname="Registration.Registration_Page" name="NATMO_Register_08" time="30.382"/>
  <system-out/>
</testsuite> <!-- Registration.Registration_Page -->
