<?xml version="1.0" encoding="UTF-8"?>
<!-- Generated by org.testng.reporters.JUnitReportReporter -->
<testsuite hostname="QUASPC1210" failures="0" tests="9" name="Login.login" time="342.024" errors="0" timestamp="2022-02-09T14:13:11 IST" skipped="0">
  <testcase classname="Login.login" name="NATMO_Sign_In_01" time="14.382"/>
  <system-out/>
  <testcase classname="Login.login" name="NATMO_Sign_In_02" time="132.694"/>
  <system-out/>
  <testcase classname="Login.login" name="NATMO_Sign_In_03" time="29.459"/>
  <system-out/>
  <testcase classname="Login.login" name="NATMO_Sign_In_04" time="20.731"/>
  <system-out/>
  <testcase classname="Login.login" name="NATMO_Sign_In_05" time="13.977"/>
  <system-out/>
  <testcase classname="Login.login" name="NATMO_Sign_In_06" time="13.054"/>
  <system-out/>
  <testcase classname="Login.login" name="NATMO_Sign_In_07" time="19.140"/>
  <system-out/>
  <testcase classname="Login.login" name="NATMO_Sign_In_08" time="19.222"/>
  <system-out/>
  <testcase classname="Login.login" name="NATMO_Sign_In_09" time="79.365"/>
  <system-out/>
</testsuite> <!-- Login.login -->
