<?xml version="1.0" encoding="UTF-8"?>
<!-- Generated by org.testng.reporters.JUnitReportReporter -->
<testsuite hostname="QUASPC1210" failures="0" tests="6" name="Forgot_Password.Forgot_password" time="200.472" errors="0" timestamp="2022-02-09T14:13:11 IST" skipped="0">
  <testcase classname="Forgot_Password.Forgot_password" name="NATMO_Forgot_Password_01" time="15.271"/>
  <system-out/>
  <testcase classname="Forgot_Password.Forgot_password" name="NATMO_Forgot_Password_02" time="93.527"/>
  <system-out/>
  <testcase classname="Forgot_Password.Forgot_password" name="NATMO_Forgot_Password_03" time="25.975"/>
  <system-out/>
  <testcase classname="Forgot_Password.Forgot_password" name="NATMO_Forgot_Password_04" time="30.924"/>
  <system-out/>
  <testcase classname="Forgot_Password.Forgot_password" name="NATMO_Forgot_Password_05" time="20.375"/>
  <system-out/>
  <testcase classname="Forgot_Password.Forgot_password" name="NATMO_Forgot_Password_06" time="14.400"/>
  <system-out/>
</testsuite> <!-- Forgot_Password.Forgot_password -->
