<?xml version="1.0" encoding="UTF-8"?>
<!-- Generated by org.testng.reporters.JUnitReportReporter -->
<testsuite hostname="QUASPC1210" failures="0" tests="6" name="Forgot_Username.Forgot_username" time="125.975" errors="0" timestamp="2022-02-09T14:13:11 IST" skipped="0">
  <testcase classname="Forgot_Username.Forgot_username" name="NATMO_Forgot_Username_01" time="12.523"/>
  <system-out/>
  <testcase classname="Forgot_Username.Forgot_username" name="NATMO_Forgot_Username_02" time="27.681"/>
  <system-out/>
  <testcase classname="Forgot_Username.Forgot_username" name="NATMO_Forgot_Username_03" time="26.849"/>
  <system-out/>
  <testcase classname="Forgot_Username.Forgot_username" name="NATMO_Forgot_Username_04" time="24.061"/>
  <system-out/>
  <testcase classname="Forgot_Username.Forgot_username" name="NATMO_Forgot_Username_05" time="20.501"/>
  <system-out/>
  <testcase classname="Forgot_Username.Forgot_username" name="NATMO_Forgot_Username_06" time="14.360"/>
  <system-out/>
</testsuite> <!-- Forgot_Username.Forgot_username -->
