<?xml version="1.0" encoding="UTF-8"?>
<!-- Generated by org.testng.reporters.JUnitReportReporter -->
<testsuite hostname="QUASPC1210" failures="0" tests="1" name="Geo_Portal.Geoportal" time="39.619" errors="0" timestamp="2022-02-11T11:15:16 IST" skipped="0">
  <testcase classname="Geo_Portal.Geoportal" name="NATMO_Geoportal_75" time="39.619"/>
  <system-out/>
</testsuite> <!-- Geo_Portal.Geoportal -->
